00:00 +0: loading /Users/t/021_DEV/GoNow-theTimeSaver/integration_test/integrated_scenario_test.dart                                                                                                   Running Gradle task 'assembleDebug'...                          00:01 +0: loading /Users/t/021_DEV/GoNow-theTimeSaver/integration_test/integrated_scenario_test.dart                                                                                                   00:02 +0: loading /Users/t/021_DEV/GoNow-theTimeSaver/integration_test/integrated_scenario_test.dart                                                                                                   00:03 +0: loading /Users/t/021_DEV/GoNow-theTimeSaver/integration_test/integrated_scenario_test.dart                                                                                                   00:04 +0: loading /Users/t/021_DEV/GoNow-theTimeSaver/integration_test/integrated_scenario_test.dart                                                                                                   00:05 +0: loading /Users/t/021_DEV/GoNow-theTimeSaver/integration_test/integrated_scenario_test.dart                                                                                                   00:06 +0: loading /Users/t/021_DEV/GoNow-theTimeSaver/integration_test/integrated_scenario_test.dart                                                                                                   00:07 +0: loading /Users/t/021_DEV/GoNow-theTimeSaver/integration_test/integrated_scenario_test.dart                                                                                                   00:08 +0: loading /Users/t/021_DEV/GoNow-theTimeSaver/integration_test/integrated_scenario_test.dart                                                                                                   00:09 +0: loading /Users/t/021_DEV/GoNow-theTimeSaver/integration_test/integrated_scenario_test.dart                                                                                                   00:10 +0: loading /Users/t/021_DEV/GoNow-theTimeSaver/integration_test/integrated_scenario_test.dart                                                                                                   00:11 +0: loading /Users/t/021_DEV/GoNow-theTimeSaver/integration_test/integrated_scenario_test.dart                                                                                                   00:12 +0: loading /Users/t/021_DEV/GoNow-theTimeSaver/integration_test/integrated_scenario_test.dart                                                                                                   00:13 +0: loading /Users/t/021_DEV/GoNow-theTimeSaver/integration_test/integrated_scenario_test.dart                                                                                                   00:14 +0: loading /Users/t/021_DEV/GoNow-theTimeSaver/integration_test/integrated_scenario_test.dart                                                                                                   00:15 +0: loading /Users/t/021_DEV/GoNow-theTimeSaver/integration_test/integrated_scenario_test.dart                                                                                                   00:16 +0: loading /Users/t/021_DEV/GoNow-theTimeSaver/integration_test/integrated_scenario_test.dart                                                                                                   00:17 +0: loading /Users/t/021_DEV/GoNow-theTimeSaver/integration_test/integrated_scenario_test.dart                                                                                                   00:18 +0: loading /Users/t/021_DEV/GoNow-theTimeSaver/integration_test/integrated_scenario_test.dart                                                                                                   00:19 +0: loading /Users/t/021_DEV/GoNow-theTimeSaver/integration_test/integrated_scenario_test.dart                                                                                                   00:20 +0: loading /Users/t/021_DEV/GoNow-theTimeSaver/integration_test/integrated_scenario_test.dart                                                                                                   00:21 +0: loading /Users/t/021_DEV/GoNow-theTimeSaver/integration_test/integrated_scenario_test.dart                                                                                                   00:22 +0: loading /Users/t/021_DEV/GoNow-theTimeSaver/integration_test/integrated_scenario_test.dart                                                                                                   00:23 +0: loading /Users/t/021_DEV/GoNow-theTimeSaver/integration_test/integrated_scenario_test.dart                                                                                                   00:24 +0: loading /Users/t/021_DEV/GoNow-theTimeSaver/integration_test/integrated_scenario_test.dart                                                                                                   00:25 +0: loading /Users/t/021_DEV/GoNow-theTimeSaver/integration_test/integrated_scenario_test.dart                                                                                                   00:26 +0: loading /Users/t/021_DEV/GoNow-theTimeSaver/integration_test/integrated_scenario_test.dart                                                                                                   00:27 +0: loading /Users/t/021_DEV/GoNow-theTimeSaver/integration_test/integrated_scenario_test.dart                                                                                                   00:28 +0: loading /Users/t/021_DEV/GoNow-theTimeSaver/integration_test/integrated_scenario_test.dart                                                                                                   00:29 +0: loading /Users/t/021_DEV/GoNow-theTimeSaver/integration_test/integrated_scenario_test.dart                                                                                                   00:30 +0: loading /Users/t/021_DEV/GoNow-theTimeSaver/integration_test/integrated_scenario_test.dart                                                                                                   00:31 +0: loading /Users/t/021_DEV/GoNow-theTimeSaver/integration_test/integrated_scenario_test.dart                                                                                                   00:32 +0: loading /Users/t/021_DEV/GoNow-theTimeSaver/integration_test/integrated_scenario_test.dart                                                                                                   00:33 +0: loading /Users/t/021_DEV/GoNow-theTimeSaver/integration_test/integrated_scenario_test.dart                                                                                                   00:34 +0: loading /Users/t/021_DEV/GoNow-theTimeSaver/integration_test/integrated_scenario_test.dart                                                                                                   00:35 +0: loading /Users/t/021_DEV/GoNow-theTimeSaver/integration_test/integrated_scenario_test.dart                                                                                                   00:36 +0: loading /Users/t/021_DEV/GoNow-theTimeSaver/integration_test/integrated_scenario_test.dart                                                                                                   00:37 +0: loading /Users/t/021_DEV/GoNow-theTimeSaver/integration_test/integrated_scenario_test.dart                                                                                                   00:38 +0: loading /Users/t/021_DEV/GoNow-theTimeSaver/integration_test/integrated_scenario_test.dart                                                                                                   00:39 +0: loading /Users/t/021_DEV/GoNow-theTimeSaver/integration_test/integrated_scenario_test.dart                                                                                                   00:40 +0: loading /Users/t/021_DEV/GoNow-theTimeSaver/integration_test/integrated_scenario_test.dart                                                                                                   00:41 +0: loading /Users/t/021_DEV/GoNow-theTimeSaver/integration_test/integrated_scenario_test.dart                                                                                                   00:42 +0: loading /Users/t/021_DEV/GoNow-theTimeSaver/integration_test/integrated_scenario_test.dart                                                                                                   00:43 +0: loading /Users/t/021_DEV/GoNow-theTimeSaver/integration_test/integrated_scenario_test.dart                                                                                                   00:44 +0: loading /Users/t/021_DEV/GoNow-theTimeSaver/integration_test/integrated_scenario_test.dart                                                                                                   00:45 +0: loading /Users/t/021_DEV/GoNow-theTimeSaver/integration_test/integrated_scenario_test.dart                                                                                                   00:46 +0: loading /Users/t/021_DEV/GoNow-theTimeSaver/integration_test/integrated_scenario_test.dart                                                                                                      45.2s
âœ“ Built build/app/outputs/flutter-apk/app-debug.apk
00:49 +0: loading /Users/t/021_DEV/GoNow-theTimeSaver/integration_test/integrated_scenario_test.dart                                                                                                   00:50 +0: loading /Users/t/021_DEV/GoNow-theTimeSaver/integration_test/integrated_scenario_test.dart                                                                                                   Installing build/app/outputs/flutter-apk/app-debug.apk...       00:51 +0: loading /Users/t/021_DEV/GoNow-theTimeSaver/integration_test/integrated_scenario_test.dart                                                                                                   00:52 +0: loading /Users/t/021_DEV/GoNow-theTimeSaver/integration_test/integrated_scenario_test.dart                                                                                                   00:53 +0: loading /Users/t/021_DEV/GoNow-theTimeSaver/integration_test/integrated_scenario_test.dart                                                                                                   00:54 +0: loading /Users/t/021_DEV/GoNow-theTimeSaver/integration_test/integrated_scenario_test.dart                                                                                                   00:55 +0: loading /Users/t/021_DEV/GoNow-theTimeSaver/integration_test/integrated_scenario_test.dart                                                                                                   00:56 +0: loading /Users/t/021_DEV/GoNow-theTimeSaver/integration_test/integrated_scenario_test.dart                                                                                                   00:57 +0: loading /Users/t/021_DEV/GoNow-theTimeSaver/integration_test/integrated_scenario_test.dart                                                                                                   00:58 +0: loading /Users/t/021_DEV/GoNow-theTimeSaver/integration_test/integrated_scenario_test.dart                                                                                                   00:59 +0: loading /Users/t/021_DEV/GoNow-theTimeSaver/integration_test/integrated_scenario_test.dart                                                                                                   01:00 +0: loading /Users/t/021_DEV/GoNow-theTimeSaver/integration_test/integrated_scenario_test.dart                                                                                                   01:01 +0: loading /Users/t/021_DEV/GoNow-theTimeSaver/integration_test/integrated_scenario_test.dart                                                                                                   01:02 +0: loading /Users/t/021_DEV/GoNow-theTimeSaver/integration_test/integrated_scenario_test.dart                                                                                                   01:03 +0: loading /Users/t/021_DEV/GoNow-theTimeSaver/integration_test/integrated_scenario_test.dart                                                                                                   01:04 +0: loading /Users/t/021_DEV/GoNow-theTimeSaver/integration_test/integrated_scenario_test.dart                                                                                                   01:05 +0: loading /Users/t/021_DEV/GoNow-theTimeSaver/integration_test/integrated_scenario_test.dart                                                                                                   01:06 +0: loading /Users/t/021_DEV/GoNow-theTimeSaver/integration_test/integrated_scenario_test.dart                                                                                                   01:07 +0: loading /Users/t/021_DEV/GoNow-theTimeSaver/integration_test/integrated_scenario_test.dart                                                                                                   01:08 +0: loading /Users/t/021_DEV/GoNow-theTimeSaver/integration_test/integrated_scenario_test.dart                                                                                                   01:09 +0: loading /Users/t/021_DEV/GoNow-theTimeSaver/integration_test/integrated_scenario_test.dart                                                                                                   01:10 +0: loading /Users/t/021_DEV/GoNow-theTimeSaver/integration_test/integrated_scenario_test.dart                                                                                                   01:11 +0: loading /Users/t/021_DEV/GoNow-theTimeSaver/integration_test/integrated_scenario_test.dart                                                                                                   01:12 +0: loading /Users/t/021_DEV/GoNow-theTimeSaver/integration_test/integrated_scenario_test.dart                                                                                                   01:13 +0: loading /Users/t/021_DEV/GoNow-theTimeSaver/integration_test/integrated_scenario_test.dart                                                                                                   01:14 +0: loading /Users/t/021_DEV/GoNow-theTimeSaver/integration_test/integrated_scenario_test.dart                                                                                                   01:15 +0: loading /Users/t/021_DEV/GoNow-theTimeSaver/integration_test/integrated_scenario_test.dart                                                                                                   01:16 +0: loading /Users/t/021_DEV/GoNow-theTimeSaver/integration_test/integrated_scenario_test.dart                                                                                                   01:17 +0: loading /Users/t/021_DEV/GoNow-theTimeSaver/integration_test/integrated_scenario_test.dart                                                                                                   01:18 +0: loading /Users/t/021_DEV/GoNow-theTimeSaver/integration_test/integrated_scenario_test.dart                                                                                                   01:19 +0: loading /Users/t/021_DEV/GoNow-theTimeSaver/integration_test/integrated_scenario_test.dart                                                                                                   01:20 +0: loading /Users/t/021_DEV/GoNow-theTimeSaver/integration_test/integrated_scenario_test.dart                                                                                                   01:21 +0: loading /Users/t/021_DEV/GoNow-theTimeSaver/integration_test/integrated_scenario_test.dart                                                                                                   01:22 +0: loading /Users/t/021_DEV/GoNow-theTimeSaver/integration_test/integrated_scenario_test.dart                                                                                                      32.6s
01:23 +0: loading /Users/t/021_DEV/GoNow-theTimeSaver/integration_test/integrated_scenario_test.dart                                                                                                   01:24 +0: loading /Users/t/021_DEV/GoNow-theTimeSaver/integration_test/integrated_scenario_test.dart                                                                                                   01:25 +0: loading /Users/t/021_DEV/GoNow-theTimeSaver/integration_test/integrated_scenario_test.dart                                                                                                   01:25 +0: /Users/t/021_DEV/GoNow-theTimeSaver/integration_test/integrated_scenario_test.dart: (setUpAll)                                                                                               01:25 +0: /Users/t/021_DEV/GoNow-theTimeSaver/integration_test/integrated_scenario_test.dart: (setUpAll)                                                                                               
supabase.supabase_flutter: INFO: ***** Supabase init completed ***** 
01:25 +0: /Users/t/021_DEV/GoNow-theTimeSaver/integration_test/integrated_scenario_test.dart: E2E Test 4: Integrated Scenario Complete user journey: Login -> Dashboard -> Add Schedule                01:26 +0: /Users/t/021_DEV/GoNow-theTimeSaver/integration_test/integrated_scenario_test.dart: E2E Test 4: Integrated Scenario Complete user journey: Login -> Dashboard -> Add Schedule                01:27 +0: /Users/t/021_DEV/GoNow-theTimeSaver/integration_test/integrated_scenario_test.dart: E2E Test 4: Integrated Scenario Complete user journey: Login -> Dashboard -> Add Schedule                01:28 +0: /Users/t/021_DEV/GoNow-theTimeSaver/integration_test/integrated_scenario_test.dart: E2E Test 4: Integrated Scenario Complete user journey: Login -> Dashboard -> Add Schedule                01:28 +0: /Users/t/021_DEV/GoNow-theTimeSaver/integration_test/integrated_scenario_test.dart: E2E Test 4: Integrated Scenario Complete user journey: Login -> Dashboard -> Add Schedule                
âœ… RealTimeUpdater initialized
ğŸ“‹ Loading trips for user: 550e8400-e29b-41d4-a716-446655440000
ğŸ“‹ Fetching active trips for user: 550e8400-e29b-41d4-a716-446655440000
âœ… Fetched 0 active trips
âœ… Loaded 0 trips
01:32 +1: /Users/t/021_DEV/GoNow-theTimeSaver/integration_test/integrated_scenario_test.dart: E2E Test 4: Integrated Scenario Complete user journey: Login -> Dashboard -> Add Schedule                01:32 +1: /Users/t/021_DEV/GoNow-theTimeSaver/integration_test/integrated_scenario_test.dart: E2E Test 4: Integrated Scenario Dashboard shows empty state when no trips                                01:32 +1: /Users/t/021_DEV/GoNow-theTimeSaver/integration_test/integrated_scenario_test.dart: E2E Test 4: Integrated Scenario Complete user journey: Login -> Dashboard -> Add Schedule                
âš ï¸ RealTimeUpdater already initialized
ğŸ“‹ Loading trips for user: 550e8400-e29b-41d4-a716-446655440000
ğŸ“‹ Fetching active trips for user: 550e8400-e29b-41d4-a716-446655440000
âœ… Fetched 0 active trips
âœ… Loaded 0 trips
01:32 +2: /Users/t/021_DEV/GoNow-theTimeSaver/integration_test/integrated_scenario_test.dart: E2E Test 4: Integrated Scenario Dashboard shows empty state when no trips                                01:32 +2: /Users/t/021_DEV/GoNow-theTimeSaver/integration_test/integrated_scenario_test.dart: E2E Test 4: Integrated Scenario Authenticated user can see welcome message                               01:32 +2: /Users/t/021_DEV/GoNow-theTimeSaver/integration_test/integrated_scenario_test.dart: E2E Test 4: Integrated Scenario Complete user journey: Login -> Dashboard -> Add Schedule                
âš ï¸ RealTimeUpdater already initialized
ğŸ“‹ Loading trips for user: 550e8400-e29b-41d4-a716-446655440000
ğŸ“‹ Fetching active trips for user: 550e8400-e29b-41d4-a716-446655440000
âœ… Fetched 0 active trips
âœ… Loaded 0 trips
01:32 +3: /Users/t/021_DEV/GoNow-theTimeSaver/integration_test/integrated_scenario_test.dart: E2E Test 4: Integrated Scenario Authenticated user can see welcome message                               01:32 +3: /Users/t/021_DEV/GoNow-theTimeSaver/integration_test/integrated_scenario_test.dart: E2E Test 4: Integrated Scenario Add schedule flow maintains state during navigation                      01:33 +3: /Users/t/021_DEV/GoNow-theTimeSaver/integration_test/integrated_scenario_test.dart: E2E Test 4: Integrated Scenario Add schedule flow maintains state during navigation                      01:33 +3: /Users/t/021_DEV/GoNow-theTimeSaver/integration_test/integrated_scenario_test.dart: E2E Test 4: Integrated Scenario Complete user journey: Login -> Dashboard -> Add Schedule                
âš ï¸ RealTimeUpdater already initialized
ğŸ“‹ Loading trips for user: 550e8400-e29b-41d4-a716-446655440000
ğŸ“‹ Fetching active trips for user: 550e8400-e29b-41d4-a716-446655440000
âœ… Fetched 0 active trips
âœ… Loaded 0 trips
01:34 +4: /Users/t/021_DEV/GoNow-theTimeSaver/integration_test/integrated_scenario_test.dart: E2E Test 4: Integrated Scenario Add schedule flow maintains state during navigation                      01:34 +4: /Users/t/021_DEV/GoNow-theTimeSaver/integration_test/integrated_scenario_test.dart: E2E Test 4: Integrated Scenario Multiple navigation cycles work correctly                                01:35 +4: /Users/t/021_DEV/GoNow-theTimeSaver/integration_test/integrated_scenario_test.dart: E2E Test 4: Integrated Scenario Multiple navigation cycles work correctly                                01:35 +4: /Users/t/021_DEV/GoNow-theTimeSaver/integration_test/integrated_scenario_test.dart: E2E Test 4: Integrated Scenario Complete user journey: Login -> Dashboard -> Add Schedule                
âš ï¸ RealTimeUpdater already initialized
ğŸ“‹ Loading trips for user: 550e8400-e29b-41d4-a716-446655440000
ğŸ“‹ Fetching active trips for user: 550e8400-e29b-41d4-a716-446655440000
âœ… Fetched 0 active trips
âœ… Loaded 0 trips
01:38 +5: /Users/t/021_DEV/GoNow-theTimeSaver/integration_test/integrated_scenario_test.dart: E2E Test 4: Integrated Scenario Multiple navigation cycles work correctly                                01:38 +5: /Users/t/021_DEV/GoNow-theTimeSaver/integration_test/integrated_scenario_test.dart: (tearDownAll)                                                                                            01:38 +5: loading /Users/t/021_DEV/GoNow-theTimeSaver/integration_test/app_start_test.dart                                                                                                             Running Gradle task 'assembleDebug'...                          01:39 +5: loading /Users/t/021_DEV/GoNow-theTimeSaver/integration_test/app_start_test.dart                                                                                                             01:40 +5: loading /Users/t/021_DEV/GoNow-theTimeSaver/integration_test/app_start_test.dart                                                                                                             01:41 +5: loading /Users/t/021_DEV/GoNow-theTimeSaver/integration_test/app_start_test.dart                                                                                                             01:42 +5: loading /Users/t/021_DEV/GoNow-theTimeSaver/integration_test/app_start_test.dart                                                                                                             01:43 +5: loading /Users/t/021_DEV/GoNow-theTimeSaver/integration_test/app_start_test.dart                                                                                                             01:44 +5: loading /Users/t/021_DEV/GoNow-theTimeSaver/integration_test/app_start_test.dart                                                                                                             01:45 +5: loading /Users/t/021_DEV/GoNow-theTimeSaver/integration_test/app_start_test.dart                                                                                                             01:46 +5: loading /Users/t/021_DEV/GoNow-theTimeSaver/integration_test/app_start_test.dart                                                                                                             01:47 +5: loading /Users/t/021_DEV/GoNow-theTimeSaver/integration_test/app_start_test.dart                                                                                                             01:48 +5: loading /Users/t/021_DEV/GoNow-theTimeSaver/integration_test/app_start_test.dart                                                                                                             01:49 +5: loading /Users/t/021_DEV/GoNow-theTimeSaver/integration_test/app_start_test.dart                                                                                                             01:50 +5: loading /Users/t/021_DEV/GoNow-theTimeSaver/integration_test/app_start_test.dart                                                                                                             01:51 +5: loading /Users/t/021_DEV/GoNow-theTimeSaver/integration_test/app_start_test.dart                                                                                                             01:52 +5: loading /Users/t/021_DEV/GoNow-theTimeSaver/integration_test/app_start_test.dart                                                                                                             01:53 +5: loading /Users/t/021_DEV/GoNow-theTimeSaver/integration_test/app_start_test.dart                                                                                                             01:54 +5: loading /Users/t/021_DEV/GoNow-theTimeSaver/integration_test/app_start_test.dart                                                                                                             01:55 +5: loading /Users/t/021_DEV/GoNow-theTimeSaver/integration_test/app_start_test.dart                                                                                                             01:56 +5: loading /Users/t/021_DEV/GoNow-theTimeSaver/integration_test/app_start_test.dart                                                                                                             01:57 +5: loading /Users/t/021_DEV/GoNow-theTimeSaver/integration_test/app_start_test.dart                                                                                                             01:58 +5: loading /Users/t/021_DEV/GoNow-theTimeSaver/integration_test/app_start_test.dart                                                                                                             01:59 +5: loading /Users/t/021_DEV/GoNow-theTimeSaver/integration_test/app_start_test.dart                                                                                                             02:00 +5: loading /Users/t/021_DEV/GoNow-theTimeSaver/integration_test/app_start_test.dart                                                                                                             02:01 +5: loading /Users/t/021_DEV/GoNow-theTimeSaver/integration_test/app_start_test.dart                                                                                                             02:02 +5: loading /Users/t/021_DEV/GoNow-theTimeSaver/integration_test/app_start_test.dart                                                                                                             02:03 +5: loading /Users/t/021_DEV/GoNow-theTimeSaver/integration_test/app_start_test.dart                                                                                                             02:04 +5: loading /Users/t/021_DEV/GoNow-theTimeSaver/integration_test/app_start_test.dart                                                                                                             02:05 +5: loading /Users/t/021_DEV/GoNow-theTimeSaver/integration_test/app_start_test.dart                                                                                                             02:06 +5: loading /Users/t/021_DEV/GoNow-theTimeSaver/integration_test/app_start_test.dart                                                                                                             02:07 +5: loading /Users/t/021_DEV/GoNow-theTimeSaver/integration_test/app_start_test.dart                                                                                                             02:08 +5: loading /Users/t/021_DEV/GoNow-theTimeSaver/integration_test/app_start_test.dart                                                                                                             02:09 +5: loading /Users/t/021_DEV/GoNow-theTimeSaver/integration_test/app_start_test.dart                                                                                                             02:10 +5: loading /Users/t/021_DEV/GoNow-theTimeSaver/integration_test/app_start_test.dart                                                                                                             02:11 +5: loading /Users/t/021_DEV/GoNow-theTimeSaver/integration_test/app_start_test.dart                                                                                                             02:12 +5: loading /Users/t/021_DEV/GoNow-theTimeSaver/integration_test/app_start_test.dart                                                                                                             02:13 +5: loading /Users/t/021_DEV/GoNow-theTimeSaver/integration_test/app_start_test.dart                                                                                                             02:14 +5: loading /Users/t/021_DEV/GoNow-theTimeSaver/integration_test/app_start_test.dart                                                                                                             02:15 +5: loading /Users/t/021_DEV/GoNow-theTimeSaver/integration_test/app_start_test.dart                                                                                                             02:16 +5: loading /Users/t/021_DEV/GoNow-theTimeSaver/integration_test/app_start_test.dart                                                                                                             02:17 +5: loading /Users/t/021_DEV/GoNow-theTimeSaver/integration_test/app_start_test.dart                                                                                                             02:18 +5: loading /Users/t/021_DEV/GoNow-theTimeSaver/integration_test/app_start_test.dart                                                                                                             02:19 +5: loading /Users/t/021_DEV/GoNow-theTimeSaver/integration_test/app_start_test.dart                                                                                                             02:20 +5: loading /Users/t/021_DEV/GoNow-theTimeSaver/integration_test/app_start_test.dart                                                                                                             02:21 +5: loading /Users/t/021_DEV/GoNow-theTimeSaver/integration_test/app_start_test.dart                                                                                                             02:22 +5: loading /Users/t/021_DEV/GoNow-theTimeSaver/integration_test/app_start_test.dart                                                                                                             02:23 +5: loading /Users/t/021_DEV/GoNow-theTimeSaver/integration_test/app_start_test.dart                                                                                                             02:24 +5: loading /Users/t/021_DEV/GoNow-theTimeSaver/integration_test/app_start_test.dart                                                                                                             02:25 +5: loading /Users/t/021_DEV/GoNow-theTimeSaver/integration_test/app_start_test.dart                                                                                                             02:26 +5: loading /Users/t/021_DEV/GoNow-theTimeSaver/integration_test/app_start_test.dart                                                                                                             02:27 +5: loading /Users/t/021_DEV/GoNow-theTimeSaver/integration_test/app_start_test.dart                                                                                                             02:28 +5: loading /Users/t/021_DEV/GoNow-theTimeSaver/integration_test/app_start_test.dart                                                                                                             02:29 +5: loading /Users/t/021_DEV/GoNow-theTimeSaver/integration_test/app_start_test.dart                                                                                                             02:30 +5: loading /Users/t/021_DEV/GoNow-theTimeSaver/integration_test/app_start_test.dart                                                                                                             02:31 +5: loading /Users/t/021_DEV/GoNow-theTimeSaver/integration_test/app_start_test.dart                                                                                                             02:32 +5: loading /Users/t/021_DEV/GoNow-theTimeSaver/integration_test/app_start_test.dart                                                                                                             02:33 +5: loading /Users/t/021_DEV/GoNow-theTimeSaver/integration_test/app_start_test.dart                                                                                                             02:34 +5: loading /Users/t/021_DEV/GoNow-theTimeSaver/integration_test/app_start_test.dart                                                                                                             02:35 +5: loading /Users/t/021_DEV/GoNow-theTimeSaver/integration_test/app_start_test.dart                                                                                                             02:36 +5: loading /Users/t/021_DEV/GoNow-theTimeSaver/integration_test/app_start_test.dart                                                                                                             02:37 +5: loading /Users/t/021_DEV/GoNow-theTimeSaver/integration_test/app_start_test.dart                                                                                                             02:38 +5: loading /Users/t/021_DEV/GoNow-theTimeSaver/integration_test/app_start_test.dart                                                                                                             02:39 +5: loading /Users/t/021_DEV/GoNow-theTimeSaver/integration_test/app_start_test.dart                                                                                                             02:40 +5: loading /Users/t/021_DEV/GoNow-theTimeSaver/integration_test/app_start_test.dart                                                                                                             02:41 +5: loading /Users/t/021_DEV/GoNow-theTimeSaver/integration_test/app_start_test.dart                                                                                                             02:42 +5: loading /Users/t/021_DEV/GoNow-theTimeSaver/integration_test/app_start_test.dart                                                                                                             02:43 +5: loading /Users/t/021_DEV/GoNow-theTimeSaver/integration_test/app_start_test.dart                                                                                                             02:44 +5: loading /Users/t/021_DEV/GoNow-theTimeSaver/integration_test/app_start_test.dart                                                                                                             02:45 +5: loading /Users/t/021_DEV/GoNow-theTimeSaver/integration_test/app_start_test.dart                                                                                                             02:46 +5: loading /Users/t/021_DEV/GoNow-theTimeSaver/integration_test/app_start_test.dart                                                                                                             02:47 +5: loading /Users/t/021_DEV/GoNow-theTimeSaver/integration_test/app_start_test.dart                                                                                                             02:48 +5: loading /Users/t/021_DEV/GoNow-theTimeSaver/integration_test/app_start_test.dart                                                                                                             02:49 +5: loading /Users/t/021_DEV/GoNow-theTimeSaver/integration_test/app_start_test.dart                                                                                                             02:50 +5: loading /Users/t/021_DEV/GoNow-theTimeSaver/integration_test/app_start_test.dart                                                                                                             02:51 +5: loading /Users/t/021_DEV/GoNow-theTimeSaver/integration_test/app_start_test.dart                                                                                                             02:52 +5: loading /Users/t/021_DEV/GoNow-theTimeSaver/integration_test/app_start_test.dart                                                                                                             02:53 +5: loading /Users/t/021_DEV/GoNow-theTimeSaver/integration_test/app_start_test.dart                                                                                                                74.3s
âœ“ Built build/app/outputs/flutter-apk/app-debug.apk
02:55 +5: loading /Users/t/021_DEV/GoNow-theTimeSaver/integration_test/app_start_test.dart                                                                                                             Installing build/app/outputs/flutter-apk/app-debug.apk...       02:56 +5: loading /Users/t/021_DEV/GoNow-theTimeSaver/integration_test/app_start_test.dart                                                                                                             02:57 +5: loading /Users/t/021_DEV/GoNow-theTimeSaver/integration_test/app_start_test.dart                                                                                                             02:58 +5: loading /Users/t/021_DEV/GoNow-theTimeSaver/integration_test/app_start_test.dart                                                                                                             02:59 +5: loading /Users/t/021_DEV/GoNow-theTimeSaver/integration_test/app_start_test.dart                                                                                                             03:00 +5: loading /Users/t/021_DEV/GoNow-theTimeSaver/integration_test/app_start_test.dart                                                                                                             03:01 +5: loading /Users/t/021_DEV/GoNow-theTimeSaver/integration_test/app_start_test.dart                                                                                                             03:02 +5: loading /Users/t/021_DEV/GoNow-theTimeSaver/integration_test/app_start_test.dart                                                                                                             03:03 +5: loading /Users/t/021_DEV/GoNow-theTimeSaver/integration_test/app_start_test.dart                                                                                                             03:04 +5: loading /Users/t/021_DEV/GoNow-theTimeSaver/integration_test/app_start_test.dart                                                                                                             03:05 +5: loading /Users/t/021_DEV/GoNow-theTimeSaver/integration_test/app_start_test.dart                                                                                                             03:06 +5: loading /Users/t/021_DEV/GoNow-theTimeSaver/integration_test/app_start_test.dart                                                                                                             03:07 +5: loading /Users/t/021_DEV/GoNow-theTimeSaver/integration_test/app_start_test.dart                                                                                                             03:08 +5: loading /Users/t/021_DEV/GoNow-theTimeSaver/integration_test/app_start_test.dart                                                                                                             03:09 +5: loading /Users/t/021_DEV/GoNow-theTimeSaver/integration_test/app_start_test.dart                                                                                                             03:10 +5: loading /Users/t/021_DEV/GoNow-theTimeSaver/integration_test/app_start_test.dart                                                                                                             03:11 +5: loading /Users/t/021_DEV/GoNow-theTimeSaver/integration_test/app_start_test.dart                                                                                                             03:12 +5: loading /Users/t/021_DEV/GoNow-theTimeSaver/integration_test/app_start_test.dart                                                                                                             03:13 +5: loading /Users/t/021_DEV/GoNow-theTimeSaver/integration_test/app_start_test.dart                                                                                                             03:14 +5: loading /Users/t/021_DEV/GoNow-theTimeSaver/integration_test/app_start_test.dart                                                                                                             03:15 +5: loading /Users/t/021_DEV/GoNow-theTimeSaver/integration_test/app_start_test.dart                                                                                                             03:16 +5: loading /Users/t/021_DEV/GoNow-theTimeSaver/integration_test/app_start_test.dart                                                                                                             03:17 +5: loading /Users/t/021_DEV/GoNow-theTimeSaver/integration_test/app_start_test.dart                                                                                                             03:18 +5: loading /Users/t/021_DEV/GoNow-theTimeSaver/integration_test/app_start_test.dart                                                                                                             03:19 +5: loading /Users/t/021_DEV/GoNow-theTimeSaver/integration_test/app_start_test.dart                                                                                                             03:20 +5: loading /Users/t/021_DEV/GoNow-theTimeSaver/integration_test/app_start_test.dart                                                                                                             03:21 +5: loading /Users/t/021_DEV/GoNow-theTimeSaver/integration_test/app_start_test.dart                                                                                                             03:22 +5: loading /Users/t/021_DEV/GoNow-theTimeSaver/integration_test/app_start_test.dart                                                                                                             03:23 +5: loading /Users/t/021_DEV/GoNow-theTimeSaver/integration_test/app_start_test.dart                                                                                                             03:24 +5: loading /Users/t/021_DEV/GoNow-theTimeSaver/integration_test/app_start_test.dart                                                                                                             03:25 +5: loading /Users/t/021_DEV/GoNow-theTimeSaver/integration_test/app_start_test.dart                                                                                                             03:26 +5: loading /Users/t/021_DEV/GoNow-theTimeSaver/integration_test/app_start_test.dart                                                                                                                31.4s
03:27 +5: loading /Users/t/021_DEV/GoNow-theTimeSaver/integration_test/app_start_test.dart                                                                                                             03:28 +5: loading /Users/t/021_DEV/GoNow-theTimeSaver/integration_test/app_start_test.dart                                                                                                             03:29 +5: loading /Users/t/021_DEV/GoNow-theTimeSaver/integration_test/app_start_test.dart                                                                                                             03:29 +5: /Users/t/021_DEV/GoNow-theTimeSaver/integration_test/app_start_test.dart: E2E Test 1: App Start & Login Screen should start app and show LoginScreen                                         03:30 +5: /Users/t/021_DEV/GoNow-theTimeSaver/integration_test/app_start_test.dart: E2E Test 1: App Start & Login Screen should start app and show LoginScreen                                         03:30 +5: /Users/t/021_DEV/GoNow-theTimeSaver/integration_test/app_start_test.dart: E2E Test 1: App Start & Login Screen should start app and show LoginScreen                                         
supabase.supabase_flutter: INFO: ***** Supabase init completed ***** 
âœ… SchedulerService initialized
âœ… PollingService initialized
âœ… RealTimeUpdater initialized
03:32 +6: /Users/t/021_DEV/GoNow-theTimeSaver/integration_test/app_start_test.dart: E2E Test 1: App Start & Login Screen should start app and show LoginScreen                                         03:32 +6: /Users/t/021_DEV/GoNow-theTimeSaver/integration_test/app_start_test.dart: E2E Test 1: App Start & Login Screen should display login form elements                                            03:32 +6: /Users/t/021_DEV/GoNow-theTimeSaver/integration_test/app_start_test.dart: E2E Test 1: App Start & Login Screen should start app and show LoginScreen                                         
supabase.supabase_flutter: INFO: Supabase is already initialized. Skipping reinitialization. 
03:32 +6: /Users/t/021_DEV/GoNow-theTimeSaver/integration_test/app_start_test.dart: E2E Test 1: App Start & Login Screen should display login form elements                                            
â•â•â•¡ EXCEPTION CAUGHT BY FLUTTER TEST FRAMEWORK â•â•â•â•â•â•â•â•â•â•â•â•â•â•â•â•â•â•â•â•â•â•â•â•â•â•â•â•â•â•â•â•â•â•â•â•â•â•â•â•â•â•â•â•â•â•â•â•â•â•â•â•â•
The following LateError was thrown running a test:
LateInitializationError: Field '_dio@1039175538' has already been initialized.

When the exception was thrown, this was the stack:
#0      LateError._throwFieldAlreadyInitialized (dart:_internal-patch/internal_patch.dart:209:5)
#1      RouteService._dio= (package:go_now/services/route_service.dart)
#2      RouteService.initialize (package:go_now/services/route_service.dart:38:5)
#3      main (package:go_now/main.dart:37:18)
<asynchronous suspension>

The test description was:
  should display login form elements
â•â•â•â•â•â•â•â•â•â•â•â•â•â•â•â•â•â•â•â•â•â•â•â•â•â•â•â•â•â•â•â•â•â•â•â•â•â•â•â•â•â•â•â•â•â•â•â•â•â•â•â•â•â•â•â•â•â•â•â•â•â•â•â•â•â•â•â•â•â•â•â•â•â•â•â•â•â•â•â•â•â•â•â•â•â•â•â•â•â•â•â•â•â•â•â•â•â•â•â•
03:32 +6 -1: /Users/t/021_DEV/GoNow-theTimeSaver/integration_test/app_start_test.dart: E2E Test 1: App Start & Login Screen should display login form elements [E]                                     
  Test failed. See exception logs above.
  The test description was: should display login form elements
  
  'package:flutter_test/src/binding.dart': Failed assertion: line 2156 pos 12: '_pendingFrame == null': is not true.
  dart:core                                                                                                              _AssertionError._throwNew
  package:flutter_test/src/binding.dart 2156:12                                                                          LiveTestWidgetsFlutterBinding.postTest
  ===== asynchronous gap ===========================
  package:stream_channel                                                                                                 _GuaranteeSink.add
  var/folders/3k/tx_brmzx0ts3_5d62l0fs56r0000gn/T/flutter_tools.L2vmiz/flutter_test_listener.kh74VU/listener.dart 56:22  main.<fn>
  

To run this test again: /usr/local/share/flutter/bin/cache/dart-sdk/bin/dart test /Users/t/021_DEV/GoNow-theTimeSaver/integration_test/app_start_test.dart -p vm --plain-name 'E2E Test 1: App Start & Login Screen should display login form elements'
03:32 +6 -1: /Users/t/021_DEV/GoNow-theTimeSaver/integration_test/app_start_test.dart: E2E Test 1: App Start & Login Screen should use light theme by default                                          03:32 +6 -1: /Users/t/021_DEV/GoNow-theTimeSaver/integration_test/app_start_test.dart: E2E Test 1: App Start & Login Screen should display login form elements                                         
â•â•â•¡ EXCEPTION CAUGHT BY FLUTTER TEST FRAMEWORK â•â•â•â•â•â•â•â•â•â•â•â•â•â•â•â•â•â•â•â•â•â•â•â•â•â•â•â•â•â•â•â•â•â•â•â•â•â•â•â•â•â•â•â•â•â•â•â•â•â•â•â•â•
The following TestFailure was thrown running a test (but after the test had completed):
Expected: exactly one matching candidate
  Actual: _TypeWidgetFinder:<Found 0 widgets with type "LoginScreen": []>
   Which: means none were found but one was expected

When the exception was thrown, this was the stack:
#0      fail (package:matcher/src/expect/expect.dart:149:31)
#1      _expect (package:matcher/src/expect/expect.dart:144:3)
#2      expect (package:matcher/src/expect/expect.dart:56:3)
#3      expect (package:flutter_test/src/widget_tester.dart:473:18)
#4      main.<anonymous closure>.<anonymous closure> (file:///Users/t/021_DEV/GoNow-theTimeSaver/integration_test/app_start_test.dart:44:7)
<asynchronous suspension>
#5      testWidgets.<anonymous closure>.<anonymous closure> (package:flutter_test/src/widget_tester.dart:192:15)
<asynchronous suspension>
#6      TestWidgetsFlutterBinding._runTestBody (package:flutter_test/src/binding.dart:1059:5)
<asynchronous suspension>
<asynchronous suspension>
(elided one frame from package:stack_trace)
â•â•â•â•â•â•â•â•â•â•â•â•â•â•â•â•â•â•â•â•â•â•â•â•â•â•â•â•â•â•â•â•â•â•â•â•â•â•â•â•â•â•â•â•â•â•â•â•â•â•â•â•â•â•â•â•â•â•â•â•â•â•â•â•â•â•â•â•â•â•â•â•â•â•â•â•â•â•â•â•â•â•â•â•â•â•â•â•â•â•â•â•â•â•â•â•â•â•â•â•
03:32 +6 -1: /Users/t/021_DEV/GoNow-theTimeSaver/integration_test/app_start_test.dart: E2E Test 1: App Start & Login Screen should display login form elements [E]                                     
  Test failed. See exception logs above.
  The test description was: should display login form elements
  
03:32 +6 -2: /Users/t/021_DEV/GoNow-theTimeSaver/integration_test/app_start_test.dart: E2E Test 1: App Start & Login Screen should use light theme by default [E]                                      
  'package:flutter_test/src/binding.dart': Failed assertion: line 2131 pos 12: '!inTest': is not true.
  dart:core                                                                                                              _AssertionError._throwNew
  package:flutter_test/src/binding.dart 2131:12                                                                          LiveTestWidgetsFlutterBinding.runTest
  package:integration_test/integration_test.dart 237:17                                                                  IntegrationTestWidgetsFlutterBinding.runTest
  package:flutter_test/src/widget_tester.dart 184:24                                                                     testWidgets.<fn>
  ===== asynchronous gap ===========================
  package:stream_channel                                                                                                 _GuaranteeSink.add
  var/folders/3k/tx_brmzx0ts3_5d62l0fs56r0000gn/T/flutter_tools.L2vmiz/flutter_test_listener.kh74VU/listener.dart 56:22  main.<fn>
  

To run this test again: /usr/local/share/flutter/bin/cache/dart-sdk/bin/dart test /Users/t/021_DEV/GoNow-theTimeSaver/integration_test/app_start_test.dart -p vm --plain-name 'E2E Test 1: App Start & Login Screen should use light theme by default'
03:32 +6 -2: /Users/t/021_DEV/GoNow-theTimeSaver/integration_test/app_start_test.dart: (tearDownAll)                                                                                                   03:33 +6 -2: /Users/t/021_DEV/GoNow-theTimeSaver/integration_test/app_start_test.dart: (tearDownAll)                                                                                                   03:33 +6 -2: loading /Users/t/021_DEV/GoNow-theTimeSaver/integration_test/dashboard_rendering_test.dart                                                                                                Running Gradle task 'assembleDebug'...                          03:34 +6 -2: loading /Users/t/021_DEV/GoNow-theTimeSaver/integration_test/dashboard_rendering_test.dart                                                                                                03:35 +6 -2: loading /Users/t/021_DEV/GoNow-theTimeSaver/integration_test/dashboard_rendering_test.dart                                                                                                03:36 +6 -2: loading /Users/t/021_DEV/GoNow-theTimeSaver/integration_test/dashboard_rendering_test.dart                                                                                                03:37 +6 -2: loading /Users/t/021_DEV/GoNow-theTimeSaver/integration_test/dashboard_rendering_test.dart                                                                                                03:38 +6 -2: loading /Users/t/021_DEV/GoNow-theTimeSaver/integration_test/dashboard_rendering_test.dart                                                                                                03:39 +6 -2: loading /Users/t/021_DEV/GoNow-theTimeSaver/integration_test/dashboard_rendering_test.dart                                                                                                03:40 +6 -2: loading /Users/t/021_DEV/GoNow-theTimeSaver/integration_test/dashboard_rendering_test.dart                                                                                                03:41 +6 -2: loading /Users/t/021_DEV/GoNow-theTimeSaver/integration_test/dashboard_rendering_test.dart                                                                                                03:42 +6 -2: loading /Users/t/021_DEV/GoNow-theTimeSaver/integration_test/dashboard_rendering_test.dart                                                                                                03:43 +6 -2: loading /Users/t/021_DEV/GoNow-theTimeSaver/integration_test/dashboard_rendering_test.dart                                                                                                03:44 +6 -2: loading /Users/t/021_DEV/GoNow-theTimeSaver/integration_test/dashboard_rendering_test.dart                                                                                                03:45 +6 -2: loading /Users/t/021_DEV/GoNow-theTimeSaver/integration_test/dashboard_rendering_test.dart                                                                                                03:46 +6 -2: loading /Users/t/021_DEV/GoNow-theTimeSaver/integration_test/dashboard_rendering_test.dart                                                                                                03:47 +6 -2: loading /Users/t/021_DEV/GoNow-theTimeSaver/integration_test/dashboard_rendering_test.dart                                                                                                03:48 +6 -2: loading /Users/t/021_DEV/GoNow-theTimeSaver/integration_test/dashboard_rendering_test.dart                                                                                                03:49 +6 -2: loading /Users/t/021_DEV/GoNow-theTimeSaver/integration_test/dashboard_rendering_test.dart                                                                                                03:50 +6 -2: loading /Users/t/021_DEV/GoNow-theTimeSaver/integration_test/dashboard_rendering_test.dart                                                                                                03:51 +6 -2: loading /Users/t/021_DEV/GoNow-theTimeSaver/integration_test/dashboard_rendering_test.dart                                                                                                03:52 +6 -2: loading /Users/t/021_DEV/GoNow-theTimeSaver/integration_test/dashboard_rendering_test.dart                                                                                                03:53 +6 -2: loading /Users/t/021_DEV/GoNow-theTimeSaver/integration_test/dashboard_rendering_test.dart                                                                                                03:54 +6 -2: loading /Users/t/021_DEV/GoNow-theTimeSaver/integration_test/dashboard_rendering_test.dart                                                                                                03:55 +6 -2: loading /Users/t/021_DEV/GoNow-theTimeSaver/integration_test/dashboard_rendering_test.dart                                                                                                03:56 +6 -2: loading /Users/t/021_DEV/GoNow-theTimeSaver/integration_test/dashboard_rendering_test.dart                                                                                                03:57 +6 -2: loading /Users/t/021_DEV/GoNow-theTimeSaver/integration_test/dashboard_rendering_test.dart                                                                                                03:58 +6 -2: loading /Users/t/021_DEV/GoNow-theTimeSaver/integration_test/dashboard_rendering_test.dart                                                                                                03:59 +6 -2: loading /Users/t/021_DEV/GoNow-theTimeSaver/integration_test/dashboard_rendering_test.dart                                                                                                04:00 +6 -2: loading /Users/t/021_DEV/GoNow-theTimeSaver/integration_test/dashboard_rendering_test.dart                                                                                                04:01 +6 -2: loading /Users/t/021_DEV/GoNow-theTimeSaver/integration_test/dashboard_rendering_test.dart                                                                                                04:02 +6 -2: loading /Users/t/021_DEV/GoNow-theTimeSaver/integration_test/dashboard_rendering_test.dart                                                                                                04:03 +6 -2: loading /Users/t/021_DEV/GoNow-theTimeSaver/integration_test/dashboard_rendering_test.dart                                                                                                04:04 +6 -2: loading /Users/t/021_DEV/GoNow-theTimeSaver/integration_test/dashboard_rendering_test.dart                                                                                                04:05 +6 -2: loading /Users/t/021_DEV/GoNow-theTimeSaver/integration_test/dashboard_rendering_test.dart                                                                                                04:06 +6 -2: loading /Users/t/021_DEV/GoNow-theTimeSaver/integration_test/dashboard_rendering_test.dart                                                                                                04:07 +6 -2: loading /Users/t/021_DEV/GoNow-theTimeSaver/integration_test/dashboard_rendering_test.dart                                                                                                04:08 +6 -2: loading /Users/t/021_DEV/GoNow-theTimeSaver/integration_test/dashboard_rendering_test.dart                                                                                                04:09 +6 -2: loading /Users/t/021_DEV/GoNow-theTimeSaver/integration_test/dashboard_rendering_test.dart                                                                                                04:10 +6 -2: loading /Users/t/021_DEV/GoNow-theTimeSaver/integration_test/dashboard_rendering_test.dart                                                                                                04:11 +6 -2: loading /Users/t/021_DEV/GoNow-theTimeSaver/integration_test/dashboard_rendering_test.dart                                                                                                04:12 +6 -2: loading /Users/t/021_DEV/GoNow-theTimeSaver/integration_test/dashboard_rendering_test.dart                                                                                                04:13 +6 -2: loading /Users/t/021_DEV/GoNow-theTimeSaver/integration_test/dashboard_rendering_test.dart                                                                                                04:14 +6 -2: loading /Users/t/021_DEV/GoNow-theTimeSaver/integration_test/dashboard_rendering_test.dart                                                                                                   41.3s
âœ“ Built build/app/outputs/flutter-apk/app-debug.apk
04:16 +6 -2: loading /Users/t/021_DEV/GoNow-theTimeSaver/integration_test/dashboard_rendering_test.dart                                                                                                Installing build/app/outputs/flutter-apk/app-debug.apk...       04:17 +6 -2: loading /Users/t/021_DEV/GoNow-theTimeSaver/integration_test/dashboard_rendering_test.dart                                                                                                04:18 +6 -2: loading /Users/t/021_DEV/GoNow-theTimeSaver/integration_test/dashboard_rendering_test.dart                                                                                                04:19 +6 -2: loading /Users/t/021_DEV/GoNow-theTimeSaver/integration_test/dashboard_rendering_test.dart                                                                                                04:20 +6 -2: loading /Users/t/021_DEV/GoNow-theTimeSaver/integration_test/dashboard_rendering_test.dart                                                                                                04:21 +6 -2: loading /Users/t/021_DEV/GoNow-theTimeSaver/integration_test/dashboard_rendering_test.dart                                                                                                04:22 +6 -2: loading /Users/t/021_DEV/GoNow-theTimeSaver/integration_test/dashboard_rendering_test.dart                                                                                                04:23 +6 -2: loading /Users/t/021_DEV/GoNow-theTimeSaver/integration_test/dashboard_rendering_test.dart                                                                                                04:24 +6 -2: loading /Users/t/021_DEV/GoNow-theTimeSaver/integration_test/dashboard_rendering_test.dart                                                                                                04:25 +6 -2: loading /Users/t/021_DEV/GoNow-theTimeSaver/integration_test/dashboard_rendering_test.dart                                                                                                04:26 +6 -2: loading /Users/t/021_DEV/GoNow-theTimeSaver/integration_test/dashboard_rendering_test.dart                                                                                                04:27 +6 -2: loading /Users/t/021_DEV/GoNow-theTimeSaver/integration_test/dashboard_rendering_test.dart                                                                                                04:28 +6 -2: loading /Users/t/021_DEV/GoNow-theTimeSaver/integration_test/dashboard_rendering_test.dart                                                                                                04:29 +6 -2: loading /Users/t/021_DEV/GoNow-theTimeSaver/integration_test/dashboard_rendering_test.dart                                                                                                04:30 +6 -2: loading /Users/t/021_DEV/GoNow-theTimeSaver/integration_test/dashboard_rendering_test.dart                                                                                                04:31 +6 -2: loading /Users/t/021_DEV/GoNow-theTimeSaver/integration_test/dashboard_rendering_test.dart                                                                                                04:32 +6 -2: loading /Users/t/021_DEV/GoNow-theTimeSaver/integration_test/dashboard_rendering_test.dart                                                                                                04:33 +6 -2: loading /Users/t/021_DEV/GoNow-theTimeSaver/integration_test/dashboard_rendering_test.dart                                                                                                04:34 +6 -2: loading /Users/t/021_DEV/GoNow-theTimeSaver/integration_test/dashboard_rendering_test.dart                                                                                                04:35 +6 -2: loading /Users/t/021_DEV/GoNow-theTimeSaver/integration_test/dashboard_rendering_test.dart                                                                                                04:36 +6 -2: loading /Users/t/021_DEV/GoNow-theTimeSaver/integration_test/dashboard_rendering_test.dart                                                                                                04:37 +6 -2: loading /Users/t/021_DEV/GoNow-theTimeSaver/integration_test/dashboard_rendering_test.dart                                                                                                04:38 +6 -2: loading /Users/t/021_DEV/GoNow-theTimeSaver/integration_test/dashboard_rendering_test.dart                                                                                                04:39 +6 -2: loading /Users/t/021_DEV/GoNow-theTimeSaver/integration_test/dashboard_rendering_test.dart                                                                                                04:40 +6 -2: loading /Users/t/021_DEV/GoNow-theTimeSaver/integration_test/dashboard_rendering_test.dart                                                                                                04:41 +6 -2: loading /Users/t/021_DEV/GoNow-theTimeSaver/integration_test/dashboard_rendering_test.dart                                                                                                04:42 +6 -2: loading /Users/t/021_DEV/GoNow-theTimeSaver/integration_test/dashboard_rendering_test.dart                                                                                                04:43 +6 -2: loading /Users/t/021_DEV/GoNow-theTimeSaver/integration_test/dashboard_rendering_test.dart                                                                                                04:44 +6 -2: loading /Users/t/021_DEV/GoNow-theTimeSaver/integration_test/dashboard_rendering_test.dart                                                                                                04:45 +6 -2: loading /Users/t/021_DEV/GoNow-theTimeSaver/integration_test/dashboard_rendering_test.dart                                                                                                04:46 +6 -2: loading /Users/t/021_DEV/GoNow-theTimeSaver/integration_test/dashboard_rendering_test.dart                                                                                                04:47 +6 -2: loading /Users/t/021_DEV/GoNow-theTimeSaver/integration_test/dashboard_rendering_test.dart                                                                                                04:48 +6 -2: loading /Users/t/021_DEV/GoNow-theTimeSaver/integration_test/dashboard_rendering_test.dart                                                                                                   31.5s
04:49 +6 -2: loading /Users/t/021_DEV/GoNow-theTimeSaver/integration_test/dashboard_rendering_test.dart                                                                                                04:50 +6 -2: loading /Users/t/021_DEV/GoNow-theTimeSaver/integration_test/dashboard_rendering_test.dart                                                                                                04:51 +6 -2: loading /Users/t/021_DEV/GoNow-theTimeSaver/integration_test/dashboard_rendering_test.dart                                                                                                04:51 +6 -2: /Users/t/021_DEV/GoNow-theTimeSaver/integration_test/dashboard_rendering_test.dart: (setUpAll)                                                                                            04:51 +6 -2: /Users/t/021_DEV/GoNow-theTimeSaver/integration_test/dashboard_rendering_test.dart: (setUpAll)                                                                                            
supabase.supabase_flutter: INFO: ***** Supabase init completed ***** 
04:51 +6 -2: /Users/t/021_DEV/GoNow-theTimeSaver/integration_test/dashboard_rendering_test.dart: E2E Test 2: Dashboard Rendering (Logged In) should show DashboardScreen when user is authenticated    04:52 +6 -2: /Users/t/021_DEV/GoNow-theTimeSaver/integration_test/dashboard_rendering_test.dart: E2E Test 2: Dashboard Rendering (Logged In) should show DashboardScreen when user is authenticated    04:53 +6 -2: /Users/t/021_DEV/GoNow-theTimeSaver/integration_test/dashboard_rendering_test.dart: E2E Test 2: Dashboard Rendering (Logged In) should show DashboardScreen when user is authenticated    04:53 +6 -2: /Users/t/021_DEV/GoNow-theTimeSaver/integration_test/dashboard_rendering_test.dart: E2E Test 2: Dashboard Rendering (Logged In) should show DashboardScreen when user is authenticated    
âœ… RealTimeUpdater initialized
ğŸ“‹ Loading trips for user: 550e8400-e29b-41d4-a716-446655440000
ğŸ“‹ Fetching active trips for user: 550e8400-e29b-41d4-a716-446655440000
âœ… Fetched 0 active trips
âœ… Loaded 0 trips
04:53 +7 -2: /Users/t/021_DEV/GoNow-theTimeSaver/integration_test/dashboard_rendering_test.dart: E2E Test 2: Dashboard Rendering (Logged In) should show DashboardScreen when user is authenticated    04:53 +7 -2: /Users/t/021_DEV/GoNow-theTimeSaver/integration_test/dashboard_rendering_test.dart: E2E Test 2: Dashboard Rendering (Logged In) should display user welcome message                       04:54 +7 -2: /Users/t/021_DEV/GoNow-theTimeSaver/integration_test/dashboard_rendering_test.dart: E2E Test 2: Dashboard Rendering (Logged In) should display user welcome message                       04:54 +7 -2: /Users/t/021_DEV/GoNow-theTimeSaver/integration_test/dashboard_rendering_test.dart: E2E Test 2: Dashboard Rendering (Logged In) should show DashboardScreen when user is authenticated    
âš ï¸ RealTimeUpdater already initialized
ğŸ“‹ Loading trips for user: 550e8400-e29b-41d4-a716-446655440000
ğŸ“‹ Fetching active trips for user: 550e8400-e29b-41d4-a716-446655440000
âœ… Fetched 0 active trips
âœ… Loaded 0 trips
04:54 +8 -2: /Users/t/021_DEV/GoNow-theTimeSaver/integration_test/dashboard_rendering_test.dart: E2E Test 2: Dashboard Rendering (Logged In) should display user welcome message                       04:54 +8 -2: /Users/t/021_DEV/GoNow-theTimeSaver/integration_test/dashboard_rendering_test.dart: E2E Test 2: Dashboard Rendering (Logged In) should show empty state when no trips                     04:54 +8 -2: /Users/t/021_DEV/GoNow-theTimeSaver/integration_test/dashboard_rendering_test.dart: E2E Test 2: Dashboard Rendering (Logged In) should show DashboardScreen when user is authenticated    
âš ï¸ RealTimeUpdater already initialized
ğŸ“‹ Loading trips for user: 550e8400-e29b-41d4-a716-446655440000
ğŸ“‹ Fetching active trips for user: 550e8400-e29b-41d4-a716-446655440000
âœ… Fetched 0 active trips
âœ… Loaded 0 trips
04:54 +9 -2: /Users/t/021_DEV/GoNow-theTimeSaver/integration_test/dashboard_rendering_test.dart: E2E Test 2: Dashboard Rendering (Logged In) should show empty state when no trips                     04:54 +9 -2: /Users/t/021_DEV/GoNow-theTimeSaver/integration_test/dashboard_rendering_test.dart: E2E Test 2: Dashboard Rendering (Logged In) should show FAB for adding new trip                       04:54 +9 -2: /Users/t/021_DEV/GoNow-theTimeSaver/integration_test/dashboard_rendering_test.dart: E2E Test 2: Dashboard Rendering (Logged In) should show DashboardScreen when user is authenticated    
âš ï¸ RealTimeUpdater already initialized
ğŸ“‹ Loading trips for user: 550e8400-e29b-41d4-a716-446655440000
ğŸ“‹ Fetching active trips for user: 550e8400-e29b-41d4-a716-446655440000
âœ… Fetched 0 active trips
âœ… Loaded 0 trips
04:55 +10 -2: /Users/t/021_DEV/GoNow-theTimeSaver/integration_test/dashboard_rendering_test.dart: E2E Test 2: Dashboard Rendering (Logged In) should show FAB for adding new trip                      04:55 +10 -2: /Users/t/021_DEV/GoNow-theTimeSaver/integration_test/dashboard_rendering_test.dart: E2E Test 2: Dashboard Rendering (Logged In) should render dashboard UI elements                      04:55 +10 -2: /Users/t/021_DEV/GoNow-theTimeSaver/integration_test/dashboard_rendering_test.dart: E2E Test 2: Dashboard Rendering (Logged In) should show DashboardScreen when user is authenticated   
âš ï¸ RealTimeUpdater already initialized
ğŸ“‹ Loading trips for user: 550e8400-e29b-41d4-a716-446655440000
ğŸ“‹ Fetching active trips for user: 550e8400-e29b-41d4-a716-446655440000
âœ… Fetched 0 active trips
âœ… Loaded 0 trips
04:55 +11 -2: /Users/t/021_DEV/GoNow-theTimeSaver/integration_test/dashboard_rendering_test.dart: E2E Test 2: Dashboard Rendering (Logged In) should render dashboard UI elements                      04:55 +11 -2: /Users/t/021_DEV/GoNow-theTimeSaver/integration_test/dashboard_rendering_test.dart: (tearDownAll)                                                                                        04:55 +11 -2: loading /Users/t/021_DEV/GoNow-theTimeSaver/integration_test/add_schedule_flow_test.dart                                                                                                 Running Gradle task 'assembleDebug'...                          04:56 +11 -2: loading /Users/t/021_DEV/GoNow-theTimeSaver/integration_test/add_schedule_flow_test.dart                                                                                                 04:57 +11 -2: loading /Users/t/021_DEV/GoNow-theTimeSaver/integration_test/add_schedule_flow_test.dart                                                                                                 04:58 +11 -2: loading /Users/t/021_DEV/GoNow-theTimeSaver/integration_test/add_schedule_flow_test.dart                                                                                                 04:59 +11 -2: loading /Users/t/021_DEV/GoNow-theTimeSaver/integration_test/add_schedule_flow_test.dart                                                                                                 05:00 +11 -2: loading /Users/t/021_DEV/GoNow-theTimeSaver/integration_test/add_schedule_flow_test.dart                                                                                                 05:01 +11 -2: loading /Users/t/021_DEV/GoNow-theTimeSaver/integration_test/add_schedule_flow_test.dart                                                                                                 05:02 +11 -2: loading /Users/t/021_DEV/GoNow-theTimeSaver/integration_test/add_schedule_flow_test.dart                                                                                                 05:03 +11 -2: loading /Users/t/021_DEV/GoNow-theTimeSaver/integration_test/add_schedule_flow_test.dart                                                                                                 05:04 +11 -2: loading /Users/t/021_DEV/GoNow-theTimeSaver/integration_test/add_schedule_flow_test.dart                                                                                                 05:05 +11 -2: loading /Users/t/021_DEV/GoNow-theTimeSaver/integration_test/add_schedule_flow_test.dart                                                                                                 05:06 +11 -2: loading /Users/t/021_DEV/GoNow-theTimeSaver/integration_test/add_schedule_flow_test.dart                                                                                                 05:07 +11 -2: loading /Users/t/021_DEV/GoNow-theTimeSaver/integration_test/add_schedule_flow_test.dart                                                                                                 05:08 +11 -2: loading /Users/t/021_DEV/GoNow-theTimeSaver/integration_test/add_schedule_flow_test.dart                                                                                                 05:09 +11 -2: loading /Users/t/021_DEV/GoNow-theTimeSaver/integration_test/add_schedule_flow_test.dart                                                                                                 05:10 +11 -2: loading /Users/t/021_DEV/GoNow-theTimeSaver/integration_test/add_schedule_flow_test.dart                                                                                                 05:11 +11 -2: loading /Users/t/021_DEV/GoNow-theTimeSaver/integration_test/add_schedule_flow_test.dart                                                                                                 05:12 +11 -2: loading /Users/t/021_DEV/GoNow-theTimeSaver/integration_test/add_schedule_flow_test.dart                                                                                                 05:13 +11 -2: loading /Users/t/021_DEV/GoNow-theTimeSaver/integration_test/add_schedule_flow_test.dart                                                                                                 05:14 +11 -2: loading /Users/t/021_DEV/GoNow-theTimeSaver/integration_test/add_schedule_flow_test.dart                                                                                                 05:15 +11 -2: loading /Users/t/021_DEV/GoNow-theTimeSaver/integration_test/add_schedule_flow_test.dart                                                                                                 05:16 +11 -2: loading /Users/t/021_DEV/GoNow-theTimeSaver/integration_test/add_schedule_flow_test.dart                                                                                                 05:17 +11 -2: loading /Users/t/021_DEV/GoNow-theTimeSaver/integration_test/add_schedule_flow_test.dart                                                                                                 05:18 +11 -2: loading /Users/t/021_DEV/GoNow-theTimeSaver/integration_test/add_schedule_flow_test.dart                                                                                                 05:19 +11 -2: loading /Users/t/021_DEV/GoNow-theTimeSaver/integration_test/add_schedule_flow_test.dart                                                                                                 05:20 +11 -2: loading /Users/t/021_DEV/GoNow-theTimeSaver/integration_test/add_schedule_flow_test.dart                                                                                                 05:21 +11 -2: loading /Users/t/021_DEV/GoNow-theTimeSaver/integration_test/add_schedule_flow_test.dart                                                                                                 05:22 +11 -2: loading /Users/t/021_DEV/GoNow-theTimeSaver/integration_test/add_schedule_flow_test.dart                                                                                                 05:23 +11 -2: loading /Users/t/021_DEV/GoNow-theTimeSaver/integration_test/add_schedule_flow_test.dart                                                                                                 05:24 +11 -2: loading /Users/t/021_DEV/GoNow-theTimeSaver/integration_test/add_schedule_flow_test.dart                                                                                                 05:25 +11 -2: loading /Users/t/021_DEV/GoNow-theTimeSaver/integration_test/add_schedule_flow_test.dart                                                                                                 05:26 +11 -2: loading /Users/t/021_DEV/GoNow-theTimeSaver/integration_test/add_schedule_flow_test.dart                                                                                                 05:27 +11 -2: loading /Users/t/021_DEV/GoNow-theTimeSaver/integration_test/add_schedule_flow_test.dart                                                                                                 05:28 +11 -2: loading /Users/t/021_DEV/GoNow-theTimeSaver/integration_test/add_schedule_flow_test.dart                                                                                                 05:29 +11 -2: loading /Users/t/021_DEV/GoNow-theTimeSaver/integration_test/add_schedule_flow_test.dart                                                                                                 05:30 +11 -2: loading /Users/t/021_DEV/GoNow-theTimeSaver/integration_test/add_schedule_flow_test.dart                                                                                                 05:31 +11 -2: loading /Users/t/021_DEV/GoNow-theTimeSaver/integration_test/add_schedule_flow_test.dart                                                                                                 05:32 +11 -2: loading /Users/t/021_DEV/GoNow-theTimeSaver/integration_test/add_schedule_flow_test.dart                                                                                                 05:33 +11 -2: loading /Users/t/021_DEV/GoNow-theTimeSaver/integration_test/add_schedule_flow_test.dart                                                                                                 05:34 +11 -2: loading /Users/t/021_DEV/GoNow-theTimeSaver/integration_test/add_schedule_flow_test.dart                                                                                                 05:35 +11 -2: loading /Users/t/021_DEV/GoNow-theTimeSaver/integration_test/add_schedule_flow_test.dart                                                                                                 05:36 +11 -2: loading /Users/t/021_DEV/GoNow-theTimeSaver/integration_test/add_schedule_flow_test.dart                                                                                                 05:37 +11 -2: loading /Users/t/021_DEV/GoNow-theTimeSaver/integration_test/add_schedule_flow_test.dart                                                                                                 05:38 +11 -2: loading /Users/t/021_DEV/GoNow-theTimeSaver/integration_test/add_schedule_flow_test.dart                                                                                                    42.8s
âœ“ Built build/app/outputs/flutter-apk/app-debug.apk
05:40 +11 -2: loading /Users/t/021_DEV/GoNow-theTimeSaver/integration_test/add_schedule_flow_test.dart                                                                                                 Installing build/app/outputs/flutter-apk/app-debug.apk...       05:41 +11 -2: loading /Users/t/021_DEV/GoNow-theTimeSaver/integration_test/add_schedule_flow_test.dart                                                                                                 05:42 +11 -2: loading /Users/t/021_DEV/GoNow-theTimeSaver/integration_test/add_schedule_flow_test.dart                                                                                                 05:43 +11 -2: loading /Users/t/021_DEV/GoNow-theTimeSaver/integration_test/add_schedule_flow_test.dart                                                                                                 05:44 +11 -2: loading /Users/t/021_DEV/GoNow-theTimeSaver/integration_test/add_schedule_flow_test.dart                                                                                                 05:45 +11 -2: loading /Users/t/021_DEV/GoNow-theTimeSaver/integration_test/add_schedule_flow_test.dart                                                                                                 05:46 +11 -2: loading /Users/t/021_DEV/GoNow-theTimeSaver/integration_test/add_schedule_flow_test.dart                                                                                                 05:47 +11 -2: loading /Users/t/021_DEV/GoNow-theTimeSaver/integration_test/add_schedule_flow_test.dart                                                                                                 05:48 +11 -2: loading /Users/t/021_DEV/GoNow-theTimeSaver/integration_test/add_schedule_flow_test.dart                                                                                                 05:49 +11 -2: loading /Users/t/021_DEV/GoNow-theTimeSaver/integration_test/add_schedule_flow_test.dart                                                                                                 05:50 +11 -2: loading /Users/t/021_DEV/GoNow-theTimeSaver/integration_test/add_schedule_flow_test.dart                                                                                                 05:51 +11 -2: loading /Users/t/021_DEV/GoNow-theTimeSaver/integration_test/add_schedule_flow_test.dart                                                                                                 05:52 +11 -2: loading /Users/t/021_DEV/GoNow-theTimeSaver/integration_test/add_schedule_flow_test.dart                                                                                                 05:53 +11 -2: loading /Users/t/021_DEV/GoNow-theTimeSaver/integration_test/add_schedule_flow_test.dart                                                                                                 05:54 +11 -2: loading /Users/t/021_DEV/GoNow-theTimeSaver/integration_test/add_schedule_flow_test.dart                                                                                                 05:55 +11 -2: loading /Users/t/021_DEV/GoNow-theTimeSaver/integration_test/add_schedule_flow_test.dart                                                                                                 05:56 +11 -2: loading /Users/t/021_DEV/GoNow-theTimeSaver/integration_test/add_schedule_flow_test.dart                                                                                                 05:57 +11 -2: loading /Users/t/021_DEV/GoNow-theTimeSaver/integration_test/add_schedule_flow_test.dart                                                                                                 05:58 +11 -2: loading /Users/t/021_DEV/GoNow-theTimeSaver/integration_test/add_schedule_flow_test.dart                                                                                                 05:59 +11 -2: loading /Users/t/021_DEV/GoNow-theTimeSaver/integration_test/add_schedule_flow_test.dart                                                                                                 06:00 +11 -2: loading /Users/t/021_DEV/GoNow-theTimeSaver/integration_test/add_schedule_flow_test.dart                                                                                                 06:01 +11 -2: loading /Users/t/021_DEV/GoNow-theTimeSaver/integration_test/add_schedule_flow_test.dart                                                                                                 06:02 +11 -2: loading /Users/t/021_DEV/GoNow-theTimeSaver/integration_test/add_schedule_flow_test.dart                                                                                                 06:03 +11 -2: loading /Users/t/021_DEV/GoNow-theTimeSaver/integration_test/add_schedule_flow_test.dart                                                                                                 06:04 +11 -2: loading /Users/t/021_DEV/GoNow-theTimeSaver/integration_test/add_schedule_flow_test.dart                                                                                                 06:05 +11 -2: loading /Users/t/021_DEV/GoNow-theTimeSaver/integration_test/add_schedule_flow_test.dart                                                                                                 06:06 +11 -2: loading /Users/t/021_DEV/GoNow-theTimeSaver/integration_test/add_schedule_flow_test.dart                                                                                                 06:07 +11 -2: loading /Users/t/021_DEV/GoNow-theTimeSaver/integration_test/add_schedule_flow_test.dart                                                                                                 06:08 +11 -2: loading /Users/t/021_DEV/GoNow-theTimeSaver/integration_test/add_schedule_flow_test.dart                                                                                                 06:09 +11 -2: loading /Users/t/021_DEV/GoNow-theTimeSaver/integration_test/add_schedule_flow_test.dart                                                                                                 06:10 +11 -2: loading /Users/t/021_DEV/GoNow-theTimeSaver/integration_test/add_schedule_flow_test.dart                                                                                                 06:11 +11 -2: loading /Users/t/021_DEV/GoNow-theTimeSaver/integration_test/add_schedule_flow_test.dart                                                                                                    30.3s
06:12 +11 -2: loading /Users/t/021_DEV/GoNow-theTimeSaver/integration_test/add_schedule_flow_test.dart                                                                                                 06:13 +11 -2: loading /Users/t/021_DEV/GoNow-theTimeSaver/integration_test/add_schedule_flow_test.dart                                                                                                 06:14 +11 -2: loading /Users/t/021_DEV/GoNow-theTimeSaver/integration_test/add_schedule_flow_test.dart                                                                                                 06:15 +11 -2: loading /Users/t/021_DEV/GoNow-theTimeSaver/integration_test/add_schedule_flow_test.dart                                                                                                 06:15 +11 -2: /Users/t/021_DEV/GoNow-theTimeSaver/integration_test/add_schedule_flow_test.dart: (setUpAll)                                                                                             06:16 +11 -2: /Users/t/021_DEV/GoNow-theTimeSaver/integration_test/add_schedule_flow_test.dart: (setUpAll)                                                                                             06:16 +11 -2: /Users/t/021_DEV/GoNow-theTimeSaver/integration_test/add_schedule_flow_test.dart: (setUpAll)                                                                                             
supabase.supabase_flutter: INFO: ***** Supabase init completed ***** 
06:16 +11 -2: /Users/t/021_DEV/GoNow-theTimeSaver/integration_test/add_schedule_flow_test.dart: E2E Test 3: Add Schedule Flow should navigate to AddScheduleScreen from dashboard FAB                  06:17 +11 -2: /Users/t/021_DEV/GoNow-theTimeSaver/integration_test/add_schedule_flow_test.dart: E2E Test 3: Add Schedule Flow should navigate to AddScheduleScreen from dashboard FAB                  06:18 +11 -2: /Users/t/021_DEV/GoNow-theTimeSaver/integration_test/add_schedule_flow_test.dart: E2E Test 3: Add Schedule Flow should navigate to AddScheduleScreen from dashboard FAB                  06:19 +11 -2: /Users/t/021_DEV/GoNow-theTimeSaver/integration_test/add_schedule_flow_test.dart: E2E Test 3: Add Schedule Flow should navigate to AddScheduleScreen from dashboard FAB                  06:20 +11 -2: /Users/t/021_DEV/GoNow-theTimeSaver/integration_test/add_schedule_flow_test.dart: E2E Test 3: Add Schedule Flow should navigate to AddScheduleScreen from dashboard FAB                  06:20 +11 -2: /Users/t/021_DEV/GoNow-theTimeSaver/integration_test/add_schedule_flow_test.dart: E2E Test 3: Add Schedule Flow should navigate to AddScheduleScreen from dashboard FAB                  
âœ… RealTimeUpdater initialized
ğŸ“‹ Loading trips for user: 550e8400-e29b-41d4-a716-446655440000
ğŸ“‹ Fetching active trips for user: 550e8400-e29b-41d4-a716-446655440000
âœ… Fetched 0 active trips
âœ… Loaded 0 trips
06:49 +12 -2: /Users/t/021_DEV/GoNow-theTimeSaver/integration_test/add_schedule_flow_test.dart: E2E Test 3: Add Schedule Flow should navigate to AddScheduleScreen from dashboard FAB                  06:49 +12 -2: /Users/t/021_DEV/GoNow-theTimeSaver/integration_test/add_schedule_flow_test.dart: E2E Test 3: Add Schedule Flow should show Step 1 destination selection UI                              06:49 +13 -2: /Users/t/021_DEV/GoNow-theTimeSaver/integration_test/add_schedule_flow_test.dart: E2E Test 3: Add Schedule Flow should show Step 1 destination selection UI                              06:49 +13 -2: /Users/t/021_DEV/GoNow-theTimeSaver/integration_test/add_schedule_flow_test.dart: E2E Test 3: Add Schedule Flow should show recent places and favorites in Step 1                        06:50 +13 -2: /Users/t/021_DEV/GoNow-theTimeSaver/integration_test/add_schedule_flow_test.dart: E2E Test 3: Add Schedule Flow should show recent places and favorites in Step 1                        06:50 +14 -2: /Users/t/021_DEV/GoNow-theTimeSaver/integration_test/add_schedule_flow_test.dart: E2E Test 3: Add Schedule Flow should show recent places and favorites in Step 1                        06:50 +14 -2: /Users/t/021_DEV/GoNow-theTimeSaver/integration_test/add_schedule_flow_test.dart: E2E Test 3: Add Schedule Flow should advance to Step 2 when place is selected                          06:51 +14 -2: /Users/t/021_DEV/GoNow-theTimeSaver/integration_test/add_schedule_flow_test.dart: E2E Test 3: Add Schedule Flow should advance to Step 2 when place is selected                          06:51 +15 -2: /Users/t/021_DEV/GoNow-theTimeSaver/integration_test/add_schedule_flow_test.dart: E2E Test 3: Add Schedule Flow should advance to Step 2 when place is selected                          06:51 +15 -2: /Users/t/021_DEV/GoNow-theTimeSaver/integration_test/add_schedule_flow_test.dart: E2E Test 3: Add Schedule Flow should show selected place in Step 2                                     06:52 +15 -2: /Users/t/021_DEV/GoNow-theTimeSaver/integration_test/add_schedule_flow_test.dart: E2E Test 3: Add Schedule Flow should show selected place in Step 2                                     06:52 +16 -2: /Users/t/021_DEV/GoNow-theTimeSaver/integration_test/add_schedule_flow_test.dart: E2E Test 3: Add Schedule Flow should show selected place in Step 2                                     06:52 +16 -2: /Users/t/021_DEV/GoNow-theTimeSaver/integration_test/add_schedule_flow_test.dart: E2E Test 3: Add Schedule Flow should show transport mode options in Step 2                             06:53 +16 -2: /Users/t/021_DEV/GoNow-theTimeSaver/integration_test/add_schedule_flow_test.dart: E2E Test 3: Add Schedule Flow should show transport mode options in Step 2                             06:53 +17 -2: /Users/t/021_DEV/GoNow-theTimeSaver/integration_test/add_schedule_flow_test.dart: E2E Test 3: Add Schedule Flow should show transport mode options in Step 2                             06:53 +17 -2: /Users/t/021_DEV/GoNow-theTimeSaver/integration_test/add_schedule_flow_test.dart: E2E Test 3: Add Schedule Flow should show step indicator                                               06:54 +17 -2: /Users/t/021_DEV/GoNow-theTimeSaver/integration_test/add_schedule_flow_test.dart: E2E Test 3: Add Schedule Flow should show step indicator                                               06:54 +18 -2: /Users/t/021_DEV/GoNow-theTimeSaver/integration_test/add_schedule_flow_test.dart: E2E Test 3: Add Schedule Flow should show step indicator                                               06:54 +18 -2: /Users/t/021_DEV/GoNow-theTimeSaver/integration_test/add_schedule_flow_test.dart: E2E Test 3: Add Schedule Flow should show next button                                                  06:54 +19 -2: /Users/t/021_DEV/GoNow-theTimeSaver/integration_test/add_schedule_flow_test.dart: E2E Test 3: Add Schedule Flow should show next button                                                  06:54 +19 -2: /Users/t/021_DEV/GoNow-theTimeSaver/integration_test/add_schedule_flow_test.dart: E2E Test 3: Add Schedule Flow should show validation error when advancing without selection            06:55 +19 -2: /Users/t/021_DEV/GoNow-theTimeSaver/integration_test/add_schedule_flow_test.dart: E2E Test 3: Add Schedule Flow should show validation error when advancing without selection            06:55 +20 -2: /Users/t/021_DEV/GoNow-theTimeSaver/integration_test/add_schedule_flow_test.dart: E2E Test 3: Add Schedule Flow should show validation error when advancing without selection            06:55 +20 -2: /Users/t/021_DEV/GoNow-theTimeSaver/integration_test/add_schedule_flow_test.dart: E2E Test 3: Add Schedule Flow should navigate back to dashboard                                        06:55 +20 -2: /Users/t/021_DEV/GoNow-theTimeSaver/integration_test/add_schedule_flow_test.dart: E2E Test 3: Add Schedule Flow should navigate to AddScheduleScreen from dashboard FAB                  
âš ï¸ RealTimeUpdater already initialized
ğŸ“‹ Loading trips for user: 550e8400-e29b-41d4-a716-446655440000
ğŸ“‹ Fetching active trips for user: 550e8400-e29b-41d4-a716-446655440000
âœ… Fetched 0 active trips
âœ… Loaded 0 trips
06:57 +21 -2: /Users/t/021_DEV/GoNow-theTimeSaver/integration_test/add_schedule_flow_test.dart: E2E Test 3: Add Schedule Flow should navigate back to dashboard                                        06:57 +21 -2: /Users/t/021_DEV/GoNow-theTimeSaver/integration_test/add_schedule_flow_test.dart: (tearDownAll)                                                                                          06:58 +21 -2: /Users/t/021_DEV/GoNow-theTimeSaver/integration_test/add_schedule_flow_test.dart: (tearDownAll)                                                                                          06:58 +21 -2: Some tests failed.                                                                                                                                                                       
